c:\users\asus\documents\visual studio 2015\projects\client\client\debug\vc140.pdb
c:\users\asus\documents\visual studio 2015\projects\client\client\debug\vc140.idb
c:\users\asus\documents\visual studio 2015\projects\client\client\debug\client.obj
c:\users\asus\documents\visual studio 2015\projects\client\client\debug\stdafx.obj
c:\users\asus\documents\visual studio 2015\projects\client\client\debug\hello_c.obj
c:\users\asus\documents\visual studio 2015\projects\client\debug\client.ilk
c:\users\asus\documents\visual studio 2015\projects\client\debug\client.exe
c:\users\asus\documents\visual studio 2015\projects\client\debug\client.pdb
c:\users\asus\documents\visual studio 2015\projects\client\client\hello_c.c
c:\users\asus\documents\visual studio 2015\projects\client\client\hello_s.c
c:\users\asus\documents\visual studio 2015\projects\client\client\hello_h.h
c:\users\asus\documents\visual studio 2015\projects\client\client\debug\client.tlog\cl.command.1.tlog
c:\users\asus\documents\visual studio 2015\projects\client\client\debug\client.tlog\cl.read.1.tlog
c:\users\asus\documents\visual studio 2015\projects\client\client\debug\client.tlog\cl.write.1.tlog
c:\users\asus\documents\visual studio 2015\projects\client\client\debug\client.tlog\link.command.1.tlog
c:\users\asus\documents\visual studio 2015\projects\client\client\debug\client.tlog\link.read.1.tlog
c:\users\asus\documents\visual studio 2015\projects\client\client\debug\client.tlog\link.write.1.tlog
c:\users\asus\documents\visual studio 2015\projects\client\client\debug\client.tlog\midl.command.1.tlog
c:\users\asus\documents\visual studio 2015\projects\client\client\debug\client.tlog\midl.read.1.tlog
c:\users\asus\documents\visual studio 2015\projects\client\client\debug\client.tlog\midl.write.1.tlog
