c:\users\asus\documents\visual studio 2015\projects\server\server\debug\vc140.pdb
c:\users\asus\documents\visual studio 2015\projects\server\server\debug\vc140.idb
c:\users\asus\documents\visual studio 2015\projects\server\server\debug\hello_s.obj
c:\users\asus\documents\visual studio 2015\projects\server\server\debug\server.obj
c:\users\asus\documents\visual studio 2015\projects\server\server\debug\stdafx.obj
c:\users\asus\documents\visual studio 2015\projects\server\debug\server.ilk
c:\users\asus\documents\visual studio 2015\projects\server\debug\server.exe
c:\users\asus\documents\visual studio 2015\projects\server\debug\server.pdb
c:\users\asus\documents\visual studio 2015\projects\server\server\hello_c.c
c:\users\asus\documents\visual studio 2015\projects\server\server\hello_s.c
c:\users\asus\documents\visual studio 2015\projects\server\server\hello_h.h
c:\users\asus\documents\visual studio 2015\projects\server\server\debug\server.tlog\cl.command.1.tlog
c:\users\asus\documents\visual studio 2015\projects\server\server\debug\server.tlog\cl.read.1.tlog
c:\users\asus\documents\visual studio 2015\projects\server\server\debug\server.tlog\cl.write.1.tlog
c:\users\asus\documents\visual studio 2015\projects\server\server\debug\server.tlog\link.command.1.tlog
c:\users\asus\documents\visual studio 2015\projects\server\server\debug\server.tlog\link.read.1.tlog
c:\users\asus\documents\visual studio 2015\projects\server\server\debug\server.tlog\link.write.1.tlog
c:\users\asus\documents\visual studio 2015\projects\server\server\debug\server.tlog\midl.command.1.tlog
c:\users\asus\documents\visual studio 2015\projects\server\server\debug\server.tlog\midl.read.1.tlog
c:\users\asus\documents\visual studio 2015\projects\server\server\debug\server.tlog\midl.write.1.tlog
